<?xml version="1.0" encoding="UTF-8"?>
<testsuite xmlns:xsi="http://www.w3.org/2001/XMLSchema-instance" xsi:noNamespaceSchemaLocation="https://maven.apache.org/surefire/maven-surefire-plugin/xsd/surefire-test-report-3.0.xsd" version="3.0" name="TestSuite" time="59.507" tests="3" errors="0" skipped="0" failures="0">
  <properties>
[...]
</properties>
  <testcase name="verifySignTest" classname="crossBorwserTest.SignUpTest_CrossBrowserTest" time="4.336">
    <system-out><![CDATA[value fetch from TestNG XML file: edge
execution on edge browser
]]></system-out>
    <system-err><![CDATA[SLF4J: Failed to load class "org.slf4j.impl.StaticLoggerBinder".
SLF4J: Defaulting to no-operation (NOP) logger implementation
SLF4J: See http://www.slf4j.org/codes.html#StaticLoggerBinder for further details.
Feb 15, 2025 9:42:57 AM org.openqa.selenium.devtools.CdpVersionFinder findNearestMatch
WARNING: Unable to find an exact match for CDP version 133, returning the closest version; found: 129; Please update to a Selenium version that supports CDP version 133
]]></system-err>
  </testcase>
  <testcase name="verifySignTest" classname="crossBorwserTest.SignUpTest_CrossBrowserTest" time="4.338">
    <system-out><![CDATA[value fetch from TestNG XML file: chrome
execution on chrome browser
]]></system-out>
    <system-err><![CDATA[Feb 15, 2025 9:43:14 AM org.openqa.selenium.devtools.CdpVersionFinder findNearestMatch
WARNING: Unable to find an exact match for CDP version 132, returning the closest version; found: 129; Please update to a Selenium version that supports CDP version 132
]]></system-err>
  </testcase>
  <testcase name="verifySignTest" classname="crossBorwserTest.SignUpTest_CrossBrowserTest" time="4.624">
    <system-out><![CDATA[value fetch from TestNG XML file: firefox
execution on firefox browser
]]></system-out>
  </testcase>
</testsuite>