<?xml version="1.0" encoding="UTF-8"?>
<testng-results ignored="0" total="3" passed="3" failed="0" skipped="0">
  <reporter-output>
  </reporter-output>
  <suite started-at="2025-02-15T09:42:48 IST" name="CoforgeSuite" finished-at="2025-02-15T09:43:46 IST" duration-ms="58470">
    <groups>
    </groups>
    <test started-at="2025-02-15T09:42:48 IST" name="EdgeTest" finished-at="2025-02-15T09:43:11 IST" duration-ms="22844">
      <class name="crossBorwserTest.SignUpTest_CrossBrowserTest">
        <test-method is-config="true" signature="launchApp(java.lang.String)[pri:0, instance:crossBorwserTest.SignUpTest_CrossBrowserTest@5d534f5d]" started-at="2025-02-15T09:42:48 IST" name="launchApp" finished-at="2025-02-15T09:42:59 IST" duration-ms="11624" status="PASS">
          <params>
            <param index="0">
              <value>
                <![CDATA[edge]]>
              </value>
            </param>
          </params>
          <reporter-output>
          </reporter-output>
        </test-method> <!-- launchApp -->
        <test-method signature="verifySignTest()[pri:0, instance:crossBorwserTest.SignUpTest_CrossBrowserTest@5d534f5d]" started-at="2025-02-15T09:42:59 IST" name="verifySignTest" finished-at="2025-02-15T09:43:04 IST" duration-ms="4337" status="PASS">
          <reporter-output>
          </reporter-output>
        </test-method> <!-- verifySignTest -->
        <test-method is-config="true" signature="closeApp()[pri:0, instance:crossBorwserTest.SignUpTest_CrossBrowserTest@5d534f5d]" started-at="2025-02-15T09:43:04 IST" name="closeApp" finished-at="2025-02-15T09:43:11 IST" duration-ms="6840" status="PASS">
          <reporter-output>
          </reporter-output>
        </test-method> <!-- closeApp -->
      </class> <!-- crossBorwserTest.SignUpTest_CrossBrowserTest -->
    </test> <!-- EdgeTest -->
    <test started-at="2025-02-15T09:43:11 IST" name="ChromeTest" finished-at="2025-02-15T09:43:26 IST" duration-ms="15743">
      <class name="crossBorwserTest.SignUpTest_CrossBrowserTest">
        <test-method is-config="true" signature="launchApp(java.lang.String)[pri:0, instance:crossBorwserTest.SignUpTest_CrossBrowserTest@1ed4ae0f]" started-at="2025-02-15T09:43:11 IST" name="launchApp" finished-at="2025-02-15T09:43:17 IST" duration-ms="5974" status="PASS">
          <params>
            <param index="0">
              <value>
                <![CDATA[chrome]]>
              </value>
            </param>
          </params>
          <reporter-output>
          </reporter-output>
        </test-method> <!-- launchApp -->
        <test-method signature="verifySignTest()[pri:0, instance:crossBorwserTest.SignUpTest_CrossBrowserTest@1ed4ae0f]" started-at="2025-02-15T09:43:17 IST" name="verifySignTest" finished-at="2025-02-15T09:43:21 IST" duration-ms="4340" status="PASS">
          <reporter-output>
          </reporter-output>
        </test-method> <!-- verifySignTest -->
        <test-method is-config="true" signature="closeApp()[pri:0, instance:crossBorwserTest.SignUpTest_CrossBrowserTest@1ed4ae0f]" started-at="2025-02-15T09:43:21 IST" name="closeApp" finished-at="2025-02-15T09:43:26 IST" duration-ms="5427" status="PASS">
          <reporter-output>
          </reporter-output>
        </test-method> <!-- closeApp -->
      </class> <!-- crossBorwserTest.SignUpTest_CrossBrowserTest -->
    </test> <!-- ChromeTest -->
    <test started-at="2025-02-15T09:43:26 IST" name="FirefoxTest" finished-at="2025-02-15T09:43:46 IST" duration-ms="19816">
      <class name="crossBorwserTest.SignUpTest_CrossBrowserTest">
        <test-method is-config="true" signature="launchApp(java.lang.String)[pri:0, instance:crossBorwserTest.SignUpTest_CrossBrowserTest@2a265ea9]" started-at="2025-02-15T09:43:26 IST" name="launchApp" finished-at="2025-02-15T09:43:35 IST" duration-ms="9003" status="PASS">
          <params>
            <param index="0">
              <value>
                <![CDATA[firefox]]>
              </value>
            </param>
          </params>
          <reporter-output>
          </reporter-output>
        </test-method> <!-- launchApp -->
        <test-method signature="verifySignTest()[pri:0, instance:crossBorwserTest.SignUpTest_CrossBrowserTest@2a265ea9]" started-at="2025-02-15T09:43:35 IST" name="verifySignTest" finished-at="2025-02-15T09:43:40 IST" duration-ms="4625" status="PASS">
          <reporter-output>
          </reporter-output>
        </test-method> <!-- verifySignTest -->
        <test-method is-config="true" signature="closeApp()[pri:0, instance:crossBorwserTest.SignUpTest_CrossBrowserTest@2a265ea9]" started-at="2025-02-15T09:43:40 IST" name="closeApp" finished-at="2025-02-15T09:43:46 IST" duration-ms="6185" status="PASS">
          <reporter-output>
          </reporter-output>
        </test-method> <!-- closeApp -->
      </class> <!-- crossBorwserTest.SignUpTest_CrossBrowserTest -->
    </test> <!-- FirefoxTest -->
  </suite> <!-- CoforgeSuite -->
</testng-results>
