<?xml version="1.0" encoding="UTF-8"?>
<testng-results ignored="0" total="1" passed="1" failed="0" skipped="0">
  <reporter-output>
  </reporter-output>
  <suite started-at="2024-12-13T10:47:48 IST" name="Default suite" finished-at="2024-12-13T10:47:55 IST" duration-ms="7204">
    <groups>
    </groups>
    <test started-at="2024-12-13T10:47:48 IST" name="Default test" finished-at="2024-12-13T10:47:55 IST" duration-ms="7204">
      <class name="allyTest.GoogleAllyTest">
        <test-method is-config="true" signature="setup()[pri:0, instance:allyTest.GoogleAllyTest@71ba6d4e]" started-at="2024-12-13T10:47:48 IST" name="setup" finished-at="2024-12-13T10:47:55 IST" duration-ms="6560" status="PASS">
          <reporter-output>
          </reporter-output>
        </test-method> <!-- setup -->
        <test-method signature="verifyAmazonAllyTestElement()[pri:0, instance:allyTest.GoogleAllyTest@71ba6d4e]" started-at="2024-12-13T10:47:55 IST" name="verifyAmazonAllyTestElement" finished-at="2024-12-13T10:47:55 IST" duration-ms="589" status="PASS">
          <reporter-output>
          </reporter-output>
        </test-method> <!-- verifyAmazonAllyTestElement -->
        <test-method is-config="true" signature="teardown()[pri:0, instance:allyTest.GoogleAllyTest@71ba6d4e]" started-at="2024-12-13T10:47:55 IST" name="teardown" finished-at="2024-12-13T10:47:55 IST" duration-ms="2" status="PASS">
          <reporter-output>
          </reporter-output>
        </test-method> <!-- teardown -->
      </class> <!-- allyTest.GoogleAllyTest -->
    </test> <!-- Default test -->
  </suite> <!-- Default suite -->
</testng-results>
